file:///home/pi/omv_data/vn-mp3-voa-player/server.js:41
app.get('/api/radio-list', (req, res) => {
^

ReferenceError: Cannot access 'app' before initialization
    at file:///home/pi/omv_data/vn-mp3-voa-player/server.js:41:1
    at ModuleJob.run (node:internal/modules/esm/module_job:325:25)
    at async ModuleLoader.import (node:internal/modules/esm/loader:606:24)
    at async asyncRunEntryPointWithESMLoader (node:internal/modules/run_main:117:5)

Node.js v20.19.5
file:///home/pi/omv_data/vn-mp3-voa-player/server.js:41
app.get('/api/radio-list', (req, res) => {
^

ReferenceError: Cannot access 'app' before initialization
    at file:///home/pi/omv_data/vn-mp3-voa-player/server.js:41:1
    at ModuleJob.run (node:internal/modules/esm/module_job:325:25)
    at async ModuleLoader.import (node:internal/modules/esm/loader:606:24)
    at async asyncRunEntryPointWithESMLoader (node:internal/modules/run_main:117:5)

Node.js v20.19.5
file:///home/pi/omv_data/vn-mp3-voa-player/server.js:41
app.get('/api/radio-list', (req, res) => {
^

ReferenceError: Cannot access 'app' before initialization
    at file:///home/pi/omv_data/vn-mp3-voa-player/server.js:41:1
    at ModuleJob.run (node:internal/modules/esm/module_job:325:25)
    at async ModuleLoader.import (node:internal/modules/esm/loader:606:24)
    at async asyncRunEntryPointWithESMLoader (node:internal/modules/run_main:117:5)

Node.js v20.19.5
file:///home/pi/omv_data/vn-mp3-voa-player/server.js:41
app.get('/api/radio-list', (req, res) => {
^

ReferenceError: Cannot access 'app' before initialization
    at file:///home/pi/omv_data/vn-mp3-voa-player/server.js:41:1
    at ModuleJob.run (node:internal/modules/esm/module_job:325:25)
    at async ModuleLoader.import (node:internal/modules/esm/loader:606:24)
    at async asyncRunEntryPointWithESMLoader (node:internal/modules/run_main:117:5)

Node.js v20.19.5
file:///home/pi/omv_data/vn-mp3-voa-player/server.js:42
app.get('/api/radio-list', (req, res) => {
^

ReferenceError: Cannot access 'app' before initialization
    at file:///home/pi/omv_data/vn-mp3-voa-player/server.js:42:1
    at ModuleJob.run (node:internal/modules/esm/module_job:325:25)
    at async ModuleLoader.import (node:internal/modules/esm/loader:606:24)
    at async asyncRunEntryPointWithESMLoader (node:internal/modules/run_main:117:5)

Node.js v20.19.5
/home/pi/omv_data/vn-mp3-voa-player/node_modules/path-to-regexp/dist/index.js:96
            throw new PathError(`Missing parameter name at index ${index}`, str);
                  ^

PathError [TypeError]: Missing parameter name at index 16: /api/curl "http://localhost:3010/api/stream_pcm?song=Nơi+này+có+anh&artist=Sơn+Tùng+MTP"; visit https://git.new/pathToRegexpError for info
    at name (/home/pi/omv_data/vn-mp3-voa-player/node_modules/path-to-regexp/dist/index.js:96:19)
    at parse (/home/pi/omv_data/vn-mp3-voa-player/node_modules/path-to-regexp/dist/index.js:110:65)
    at pathToRegexp (/home/pi/omv_data/vn-mp3-voa-player/node_modules/path-to-regexp/dist/index.js:267:58)
    at Object.match (/home/pi/omv_data/vn-mp3-voa-player/node_modules/path-to-regexp/dist/index.js:237:30)
    at matcher (/home/pi/omv_data/vn-mp3-voa-player/node_modules/router/lib/layer.js:86:23)
    at new Layer (/home/pi/omv_data/vn-mp3-voa-player/node_modules/router/lib/layer.js:93:62)
    at Function.route (/home/pi/omv_data/vn-mp3-voa-player/node_modules/router/index.js:428:17)
    at Function.route (/home/pi/omv_data/vn-mp3-voa-player/node_modules/express/lib/application.js:257:22)
    at app.<computed> [as get] (/home/pi/omv_data/vn-mp3-voa-player/node_modules/express/lib/application.js:478:22)
    at file:///home/pi/omv_data/vn-mp3-voa-player/server.js:186:5 {
  originalPath: '/api/curl "http://localhost:3010/api/stream_pcm?song=Nơi+này+có+anh&artist=Sơn+Tùng+MTP"'
}

Node.js v20.19.5
Server running on http://localhost:3010
Proxy error: Error: getaddrinfo ENOTFOUND live.radiovietnam.vn
    at GetAddrInfoReqWrap.onlookupall [as oncomplete] (node:dns:122:26) {
  errno: -3008,
  code: 'ENOTFOUND',
  syscall: 'getaddrinfo',
  hostname: 'live.radiovietnam.vn'
}
Searching for: Đen Vâu
Fetching stream for ID: Z80CFEIO
Stream Data: {
  "err": 0,
  "msg": "Success",
  "data": {
    "128": "https://a128-z3.zmdcdn.me/202cb04b673203ef8372d7aca9a64d14?authen=exp=1763915725~acl=/202cb04b673203ef8372d7aca9a64d14*~hmac=6643fdbf9482676b329947b86debf3be",
    "320": "VIP"
  },
  "timestamp": 1763742974768
}
Searching for: Đen Vâu
